<?xml version="1.0" encoding="UTF-8"?>
<testsuite xmlns:xsi="http://www.w3.org/2001/XMLSchema-instance" xsi:noNamespaceSchemaLocation="https://maven.apache.org/surefire/maven-surefire-plugin/xsd/surefire-test-report-3.0.xsd" version="3.0" name="cl.kibernum.RunCucumberTest" time="99.655" tests="15" errors="0" skipped="0" failures="5">
  <properties>
    <property name="java.specification.version" value="21"/>
    <property name="webdriver.chrome.driver" value="C:\Users\andre\.cache\selenium\chromedriver\win64\139.0.7258.138\chromedriver.exe"/>
    <property name="sun.cpu.isalist" value="amd64"/>
    <property name="sun.jnu.encoding" value="Cp1252"/>
    <property name="java.class.path" value="C:\Users\andre\Desktop\AUTOMATIZACIÓN DE PRUEBAS\Módulo 5\Clinica-web-Test\target\test-classes;C:\Users\andre\Desktop\AUTOMATIZACIÓN DE PRUEBAS\Módulo 5\Clinica-web-Test\target\classes;C:\Users\andre\.m2\repository\junit\junit\4.11\junit-4.11.jar;C:\Users\andre\.m2\repository\org\hamcrest\hamcrest-core\1.3\hamcrest-core-1.3.jar;C:\Users\andre\.m2\repository\io\cucumber\cucumber-java\7.15.0\cucumber-java-7.15.0.jar;C:\Users\andre\.m2\repository\io\cucumber\cucumber-core\7.15.0\cucumber-core-7.15.0.jar;C:\Users\andre\.m2\repository\io\cucumber\cucumber-gherkin\7.15.0\cucumber-gherkin-7.15.0.jar;C:\Users\andre\.m2\repository\io\cucumber\cucumber-gherkin-messages\7.15.0\cucumber-gherkin-messages-7.15.0.jar;C:\Users\andre\.m2\repository\io\cucumber\gherkin\26.2.0\gherkin-26.2.0.jar;C:\Users\andre\.m2\repository\io\cucumber\messages\22.0.0\messages-22.0.0.jar;C:\Users\andre\.m2\repository\io\cucumber\tag-expressions\6.0.0\tag-expressions-6.0.0.jar;C:\Users\andre\.m2\repository\io\cucumber\cucumber-expressions\17.0.1\cucumber-expressions-17.0.1.jar;C:\Users\andre\.m2\repository\io\cucumber\datatable\7.15.0\datatable-7.15.0.jar;C:\Users\andre\.m2\repository\io\cucumber\cucumber-plugin\7.15.0\cucumber-plugin-7.15.0.jar;C:\Users\andre\.m2\repository\io\cucumber\docstring\7.15.0\docstring-7.15.0.jar;C:\Users\andre\.m2\repository\io\cucumber\html-formatter\20.4.0\html-formatter-20.4.0.jar;C:\Users\andre\.m2\repository\io\cucumber\junit-xml-formatter\0.2.0\junit-xml-formatter-0.2.0.jar;C:\Users\andre\.m2\repository\io\cucumber\ci-environment\10.0.0\ci-environment-10.0.0.jar;C:\Users\andre\.m2\repository\org\apiguardian\apiguardian-api\1.1.2\apiguardian-api-1.1.2.jar;C:\Users\andre\.m2\repository\io\cucumber\cucumber-junit-platform-engine\7.15.0\cucumber-junit-platform-engine-7.15.0.jar;C:\Users\andre\.m2\repository\org\junit\platform\junit-platform-engine\1.10.1\junit-platform-engine-1.10.1.jar;C:\Users\andre\.m2\repository\org\opentest4j\opentest4j\1.3.0\opentest4j-1.3.0.jar;C:\Users\andre\.m2\repository\org\junit\platform\junit-platform-commons\1.10.1\junit-platform-commons-1.10.1.jar;C:\Users\andre\.m2\repository\org\seleniumhq\selenium\selenium-java\4.21.0\selenium-java-4.21.0.jar;C:\Users\andre\.m2\repository\org\seleniumhq\selenium\selenium-api\4.21.0\selenium-api-4.21.0.jar;C:\Users\andre\.m2\repository\org\seleniumhq\selenium\selenium-chrome-driver\4.21.0\selenium-chrome-driver-4.21.0.jar;C:\Users\andre\.m2\repository\com\google\auto\service\auto-service-annotations\1.1.1\auto-service-annotations-1.1.1.jar;C:\Users\andre\.m2\repository\org\seleniumhq\selenium\selenium-chromium-driver\4.21.0\selenium-chromium-driver-4.21.0.jar;C:\Users\andre\.m2\repository\org\seleniumhq\selenium\selenium-json\4.21.0\selenium-json-4.21.0.jar;C:\Users\andre\.m2\repository\org\seleniumhq\selenium\selenium-manager\4.21.0\selenium-manager-4.21.0.jar;C:\Users\andre\.m2\repository\org\seleniumhq\selenium\selenium-devtools-v123\4.21.0\selenium-devtools-v123-4.21.0.jar;C:\Users\andre\.m2\repository\org\seleniumhq\selenium\selenium-devtools-v124\4.21.0\selenium-devtools-v124-4.21.0.jar;C:\Users\andre\.m2\repository\org\seleniumhq\selenium\selenium-devtools-v125\4.21.0\selenium-devtools-v125-4.21.0.jar;C:\Users\andre\.m2\repository\org\seleniumhq\selenium\selenium-devtools-v85\4.21.0\selenium-devtools-v85-4.21.0.jar;C:\Users\andre\.m2\repository\org\seleniumhq\selenium\selenium-edge-driver\4.21.0\selenium-edge-driver-4.21.0.jar;C:\Users\andre\.m2\repository\org\seleniumhq\selenium\selenium-firefox-driver\4.21.0\selenium-firefox-driver-4.21.0.jar;C:\Users\andre\.m2\repository\org\seleniumhq\selenium\selenium-http\4.21.0\selenium-http-4.21.0.jar;C:\Users\andre\.m2\repository\dev\failsafe\failsafe\3.3.2\failsafe-3.3.2.jar;C:\Users\andre\.m2\repository\org\seleniumhq\selenium\selenium-ie-driver\4.21.0\selenium-ie-driver-4.21.0.jar;C:\Users\andre\.m2\repository\org\seleniumhq\selenium\selenium-remote-driver\4.21.0\selenium-remote-driver-4.21.0.jar;C:\Users\andre\.m2\repository\com\google\guava\guava\33.2.0-jre\guava-33.2.0-jre.jar;C:\Users\andre\.m2\repository\com\google\guava\failureaccess\1.0.2\failureaccess-1.0.2.jar;C:\Users\andre\.m2\repository\com\google\guava\listenablefuture\9999.0-empty-to-avoid-conflict-with-guava\listenablefuture-9999.0-empty-to-avoid-conflict-with-guava.jar;C:\Users\andre\.m2\repository\com\google\code\findbugs\jsr305\3.0.2\jsr305-3.0.2.jar;C:\Users\andre\.m2\repository\org\checkerframework\checker-qual\3.42.0\checker-qual-3.42.0.jar;C:\Users\andre\.m2\repository\com\google\errorprone\error_prone_annotations\2.26.1\error_prone_annotations-2.26.1.jar;C:\Users\andre\.m2\repository\com\google\j2objc\j2objc-annotations\3.0.0\j2objc-annotations-3.0.0.jar;C:\Users\andre\.m2\repository\io\opentelemetry\semconv\opentelemetry-semconv\1.25.0-alpha\opentelemetry-semconv-1.25.0-alpha.jar;C:\Users\andre\.m2\repository\io\opentelemetry\opentelemetry-api\1.38.0\opentelemetry-api-1.38.0.jar;C:\Users\andre\.m2\repository\io\opentelemetry\opentelemetry-context\1.38.0\opentelemetry-context-1.38.0.jar;C:\Users\andre\.m2\repository\io\opentelemetry\opentelemetry-exporter-logging\1.38.0\opentelemetry-exporter-logging-1.38.0.jar;C:\Users\andre\.m2\repository\io\opentelemetry\opentelemetry-sdk-common\1.38.0\opentelemetry-sdk-common-1.38.0.jar;C:\Users\andre\.m2\repository\io\opentelemetry\opentelemetry-sdk-extension-autoconfigure-spi\1.38.0\opentelemetry-sdk-extension-autoconfigure-spi-1.38.0.jar;C:\Users\andre\.m2\repository\io\opentelemetry\opentelemetry-sdk-extension-autoconfigure\1.38.0\opentelemetry-sdk-extension-autoconfigure-1.38.0.jar;C:\Users\andre\.m2\repository\io\opentelemetry\opentelemetry-api-incubator\1.38.0-alpha\opentelemetry-api-incubator-1.38.0-alpha.jar;C:\Users\andre\.m2\repository\io\opentelemetry\opentelemetry-sdk-trace\1.38.0\opentelemetry-sdk-trace-1.38.0.jar;C:\Users\andre\.m2\repository\io\opentelemetry\opentelemetry-sdk\1.38.0\opentelemetry-sdk-1.38.0.jar;C:\Users\andre\.m2\repository\io\opentelemetry\opentelemetry-sdk-metrics\1.38.0\opentelemetry-sdk-metrics-1.38.0.jar;C:\Users\andre\.m2\repository\io\opentelemetry\opentelemetry-sdk-logs\1.38.0\opentelemetry-sdk-logs-1.38.0.jar;C:\Users\andre\.m2\repository\net\bytebuddy\byte-buddy\1.14.15\byte-buddy-1.14.15.jar;C:\Users\andre\.m2\repository\org\seleniumhq\selenium\selenium-os\4.21.0\selenium-os-4.21.0.jar;C:\Users\andre\.m2\repository\org\apache\commons\commons-exec\1.4.0\commons-exec-1.4.0.jar;C:\Users\andre\.m2\repository\org\seleniumhq\selenium\selenium-safari-driver\4.21.0\selenium-safari-driver-4.21.0.jar;C:\Users\andre\.m2\repository\org\seleniumhq\selenium\selenium-support\4.21.0\selenium-support-4.21.0.jar;C:\Users\andre\.m2\repository\io\github\bonigarcia\webdrivermanager\5.8.0\webdrivermanager-5.8.0.jar;C:\Users\andre\.m2\repository\org\slf4j\slf4j-api\2.0.12\slf4j-api-2.0.12.jar;C:\Users\andre\.m2\repository\com\google\code\gson\gson\2.10.1\gson-2.10.1.jar;C:\Users\andre\.m2\repository\com\github\docker-java\docker-java\3.3.6\docker-java-3.3.6.jar;C:\Users\andre\.m2\repository\com\github\docker-java\docker-java-core\3.3.6\docker-java-core-3.3.6.jar;C:\Users\andre\.m2\repository\com\github\docker-java\docker-java-api\3.3.6\docker-java-api-3.3.6.jar;C:\Users\andre\.m2\repository\com\fasterxml\jackson\core\jackson-annotations\2.10.3\jackson-annotations-2.10.3.jar;C:\Users\andre\.m2\repository\com\fasterxml\jackson\core\jackson-databind\2.10.3\jackson-databind-2.10.3.jar;C:\Users\andre\.m2\repository\com\fasterxml\jackson\core\jackson-core\2.10.3\jackson-core-2.10.3.jar;C:\Users\andre\.m2\repository\org\bouncycastle\bcpkix-jdk18on\1.76\bcpkix-jdk18on-1.76.jar;C:\Users\andre\.m2\repository\org\bouncycastle\bcprov-jdk18on\1.76\bcprov-jdk18on-1.76.jar;C:\Users\andre\.m2\repository\org\bouncycastle\bcutil-jdk18on\1.76\bcutil-jdk18on-1.76.jar;C:\Users\andre\.m2\repository\org\slf4j\jcl-over-slf4j\1.7.30\jcl-over-slf4j-1.7.30.jar;C:\Users\andre\.m2\repository\com\github\docker-java\docker-java-transport-httpclient5\3.3.6\docker-java-transport-httpclient5-3.3.6.jar;C:\Users\andre\.m2\repository\com\github\docker-java\docker-java-transport\3.3.6\docker-java-transport-3.3.6.jar;C:\Users\andre\.m2\repository\net\java\dev\jna\jna\5.13.0\jna-5.13.0.jar;C:\Users\andre\.m2\repository\org\brotli\dec\0.1.2\dec-0.1.2.jar;C:\Users\andre\.m2\repository\org\apache\commons\commons-lang3\3.14.0\commons-lang3-3.14.0.jar;C:\Users\andre\.m2\repository\org\apache\commons\commons-compress\1.26.1\commons-compress-1.26.1.jar;C:\Users\andre\.m2\repository\commons-codec\commons-codec\1.16.1\commons-codec-1.16.1.jar;C:\Users\andre\.m2\repository\commons-io\commons-io\2.15.1\commons-io-2.15.1.jar;C:\Users\andre\.m2\repository\org\apache\httpcomponents\client5\httpclient5\5.2.1\httpclient5-5.2.1.jar;C:\Users\andre\.m2\repository\org\apache\httpcomponents\core5\httpcore5\5.2\httpcore5-5.2.jar;C:\Users\andre\.m2\repository\org\apache\httpcomponents\core5\httpcore5-h2\5.2\httpcore5-h2-5.2.jar;C:\Users\andre\.m2\repository\org\junit\jupiter\junit-jupiter\5.10.2\junit-jupiter-5.10.2.jar;C:\Users\andre\.m2\repository\org\junit\jupiter\junit-jupiter-api\5.10.2\junit-jupiter-api-5.10.2.jar;C:\Users\andre\.m2\repository\org\junit\jupiter\junit-jupiter-params\5.10.2\junit-jupiter-params-5.10.2.jar;C:\Users\andre\.m2\repository\org\junit\jupiter\junit-jupiter-engine\5.10.2\junit-jupiter-engine-5.10.2.jar;C:\Users\andre\.m2\repository\org\junit\platform\junit-platform-suite\1.10.2\junit-platform-suite-1.10.2.jar;C:\Users\andre\.m2\repository\org\junit\platform\junit-platform-suite-api\1.10.2\junit-platform-suite-api-1.10.2.jar;C:\Users\andre\.m2\repository\org\junit\platform\junit-platform-suite-engine\1.10.2\junit-platform-suite-engine-1.10.2.jar;C:\Users\andre\.m2\repository\org\junit\platform\junit-platform-suite-commons\1.10.2\junit-platform-suite-commons-1.10.2.jar;C:\Users\andre\.m2\repository\org\junit\platform\junit-platform-launcher\1.10.2\junit-platform-launcher-1.10.2.jar;C:\Users\andre\.m2\repository\org\slf4j\slf4j-simple\2.0.16\slf4j-simple-2.0.16.jar;"/>
    <property name="java.vm.vendor" value="Oracle Corporation"/>
    <property name="sun.arch.data.model" value="64"/>
    <property name="user.variant" value=""/>
    <property name="java.vendor.url" value="https://java.oracle.com/"/>
    <property name="user.timezone" value="America/Santiago"/>
    <property name="os.name" value="Windows 10"/>
    <property name="java.vm.specification.version" value="21"/>
    <property name="sun.java.launcher" value="SUN_STANDARD"/>
    <property name="user.country" value="CL"/>
    <property name="sun.boot.library.path" value="C:\Program Files\Java\jdk-21\bin"/>
    <property name="sun.java.command" value="C:\Users\andre\AppData\Local\Temp\surefire13548218141023425496\surefirebooter-20250820214119525_3.jar C:\Users\andre\AppData\Local\Temp\surefire13548218141023425496 2025-08-20T21-41-19_103-jvmRun1 surefire-20250820214119525_1tmp surefire_0-20250820214119525_2tmp"/>
    <property name="jdk.debug" value="release"/>
    <property name="surefire.test.class.path" value="C:\Users\andre\Desktop\AUTOMATIZACIÓN DE PRUEBAS\Módulo 5\Clinica-web-Test\target\test-classes;C:\Users\andre\Desktop\AUTOMATIZACIÓN DE PRUEBAS\Módulo 5\Clinica-web-Test\target\classes;C:\Users\andre\.m2\repository\junit\junit\4.11\junit-4.11.jar;C:\Users\andre\.m2\repository\org\hamcrest\hamcrest-core\1.3\hamcrest-core-1.3.jar;C:\Users\andre\.m2\repository\io\cucumber\cucumber-java\7.15.0\cucumber-java-7.15.0.jar;C:\Users\andre\.m2\repository\io\cucumber\cucumber-core\7.15.0\cucumber-core-7.15.0.jar;C:\Users\andre\.m2\repository\io\cucumber\cucumber-gherkin\7.15.0\cucumber-gherkin-7.15.0.jar;C:\Users\andre\.m2\repository\io\cucumber\cucumber-gherkin-messages\7.15.0\cucumber-gherkin-messages-7.15.0.jar;C:\Users\andre\.m2\repository\io\cucumber\gherkin\26.2.0\gherkin-26.2.0.jar;C:\Users\andre\.m2\repository\io\cucumber\messages\22.0.0\messages-22.0.0.jar;C:\Users\andre\.m2\repository\io\cucumber\tag-expressions\6.0.0\tag-expressions-6.0.0.jar;C:\Users\andre\.m2\repository\io\cucumber\cucumber-expressions\17.0.1\cucumber-expressions-17.0.1.jar;C:\Users\andre\.m2\repository\io\cucumber\datatable\7.15.0\datatable-7.15.0.jar;C:\Users\andre\.m2\repository\io\cucumber\cucumber-plugin\7.15.0\cucumber-plugin-7.15.0.jar;C:\Users\andre\.m2\repository\io\cucumber\docstring\7.15.0\docstring-7.15.0.jar;C:\Users\andre\.m2\repository\io\cucumber\html-formatter\20.4.0\html-formatter-20.4.0.jar;C:\Users\andre\.m2\repository\io\cucumber\junit-xml-formatter\0.2.0\junit-xml-formatter-0.2.0.jar;C:\Users\andre\.m2\repository\io\cucumber\ci-environment\10.0.0\ci-environment-10.0.0.jar;C:\Users\andre\.m2\repository\org\apiguardian\apiguardian-api\1.1.2\apiguardian-api-1.1.2.jar;C:\Users\andre\.m2\repository\io\cucumber\cucumber-junit-platform-engine\7.15.0\cucumber-junit-platform-engine-7.15.0.jar;C:\Users\andre\.m2\repository\org\junit\platform\junit-platform-engine\1.10.1\junit-platform-engine-1.10.1.jar;C:\Users\andre\.m2\repository\org\opentest4j\opentest4j\1.3.0\opentest4j-1.3.0.jar;C:\Users\andre\.m2\repository\org\junit\platform\junit-platform-commons\1.10.1\junit-platform-commons-1.10.1.jar;C:\Users\andre\.m2\repository\org\seleniumhq\selenium\selenium-java\4.21.0\selenium-java-4.21.0.jar;C:\Users\andre\.m2\repository\org\seleniumhq\selenium\selenium-api\4.21.0\selenium-api-4.21.0.jar;C:\Users\andre\.m2\repository\org\seleniumhq\selenium\selenium-chrome-driver\4.21.0\selenium-chrome-driver-4.21.0.jar;C:\Users\andre\.m2\repository\com\google\auto\service\auto-service-annotations\1.1.1\auto-service-annotations-1.1.1.jar;C:\Users\andre\.m2\repository\org\seleniumhq\selenium\selenium-chromium-driver\4.21.0\selenium-chromium-driver-4.21.0.jar;C:\Users\andre\.m2\repository\org\seleniumhq\selenium\selenium-json\4.21.0\selenium-json-4.21.0.jar;C:\Users\andre\.m2\repository\org\seleniumhq\selenium\selenium-manager\4.21.0\selenium-manager-4.21.0.jar;C:\Users\andre\.m2\repository\org\seleniumhq\selenium\selenium-devtools-v123\4.21.0\selenium-devtools-v123-4.21.0.jar;C:\Users\andre\.m2\repository\org\seleniumhq\selenium\selenium-devtools-v124\4.21.0\selenium-devtools-v124-4.21.0.jar;C:\Users\andre\.m2\repository\org\seleniumhq\selenium\selenium-devtools-v125\4.21.0\selenium-devtools-v125-4.21.0.jar;C:\Users\andre\.m2\repository\org\seleniumhq\selenium\selenium-devtools-v85\4.21.0\selenium-devtools-v85-4.21.0.jar;C:\Users\andre\.m2\repository\org\seleniumhq\selenium\selenium-edge-driver\4.21.0\selenium-edge-driver-4.21.0.jar;C:\Users\andre\.m2\repository\org\seleniumhq\selenium\selenium-firefox-driver\4.21.0\selenium-firefox-driver-4.21.0.jar;C:\Users\andre\.m2\repository\org\seleniumhq\selenium\selenium-http\4.21.0\selenium-http-4.21.0.jar;C:\Users\andre\.m2\repository\dev\failsafe\failsafe\3.3.2\failsafe-3.3.2.jar;C:\Users\andre\.m2\repository\org\seleniumhq\selenium\selenium-ie-driver\4.21.0\selenium-ie-driver-4.21.0.jar;C:\Users\andre\.m2\repository\org\seleniumhq\selenium\selenium-remote-driver\4.21.0\selenium-remote-driver-4.21.0.jar;C:\Users\andre\.m2\repository\com\google\guava\guava\33.2.0-jre\guava-33.2.0-jre.jar;C:\Users\andre\.m2\repository\com\google\guava\failureaccess\1.0.2\failureaccess-1.0.2.jar;C:\Users\andre\.m2\repository\com\google\guava\listenablefuture\9999.0-empty-to-avoid-conflict-with-guava\listenablefuture-9999.0-empty-to-avoid-conflict-with-guava.jar;C:\Users\andre\.m2\repository\com\google\code\findbugs\jsr305\3.0.2\jsr305-3.0.2.jar;C:\Users\andre\.m2\repository\org\checkerframework\checker-qual\3.42.0\checker-qual-3.42.0.jar;C:\Users\andre\.m2\repository\com\google\errorprone\error_prone_annotations\2.26.1\error_prone_annotations-2.26.1.jar;C:\Users\andre\.m2\repository\com\google\j2objc\j2objc-annotations\3.0.0\j2objc-annotations-3.0.0.jar;C:\Users\andre\.m2\repository\io\opentelemetry\semconv\opentelemetry-semconv\1.25.0-alpha\opentelemetry-semconv-1.25.0-alpha.jar;C:\Users\andre\.m2\repository\io\opentelemetry\opentelemetry-api\1.38.0\opentelemetry-api-1.38.0.jar;C:\Users\andre\.m2\repository\io\opentelemetry\opentelemetry-context\1.38.0\opentelemetry-context-1.38.0.jar;C:\Users\andre\.m2\repository\io\opentelemetry\opentelemetry-exporter-logging\1.38.0\opentelemetry-exporter-logging-1.38.0.jar;C:\Users\andre\.m2\repository\io\opentelemetry\opentelemetry-sdk-common\1.38.0\opentelemetry-sdk-common-1.38.0.jar;C:\Users\andre\.m2\repository\io\opentelemetry\opentelemetry-sdk-extension-autoconfigure-spi\1.38.0\opentelemetry-sdk-extension-autoconfigure-spi-1.38.0.jar;C:\Users\andre\.m2\repository\io\opentelemetry\opentelemetry-sdk-extension-autoconfigure\1.38.0\opentelemetry-sdk-extension-autoconfigure-1.38.0.jar;C:\Users\andre\.m2\repository\io\opentelemetry\opentelemetry-api-incubator\1.38.0-alpha\opentelemetry-api-incubator-1.38.0-alpha.jar;C:\Users\andre\.m2\repository\io\opentelemetry\opentelemetry-sdk-trace\1.38.0\opentelemetry-sdk-trace-1.38.0.jar;C:\Users\andre\.m2\repository\io\opentelemetry\opentelemetry-sdk\1.38.0\opentelemetry-sdk-1.38.0.jar;C:\Users\andre\.m2\repository\io\opentelemetry\opentelemetry-sdk-metrics\1.38.0\opentelemetry-sdk-metrics-1.38.0.jar;C:\Users\andre\.m2\repository\io\opentelemetry\opentelemetry-sdk-logs\1.38.0\opentelemetry-sdk-logs-1.38.0.jar;C:\Users\andre\.m2\repository\net\bytebuddy\byte-buddy\1.14.15\byte-buddy-1.14.15.jar;C:\Users\andre\.m2\repository\org\seleniumhq\selenium\selenium-os\4.21.0\selenium-os-4.21.0.jar;C:\Users\andre\.m2\repository\org\apache\commons\commons-exec\1.4.0\commons-exec-1.4.0.jar;C:\Users\andre\.m2\repository\org\seleniumhq\selenium\selenium-safari-driver\4.21.0\selenium-safari-driver-4.21.0.jar;C:\Users\andre\.m2\repository\org\seleniumhq\selenium\selenium-support\4.21.0\selenium-support-4.21.0.jar;C:\Users\andre\.m2\repository\io\github\bonigarcia\webdrivermanager\5.8.0\webdrivermanager-5.8.0.jar;C:\Users\andre\.m2\repository\org\slf4j\slf4j-api\2.0.12\slf4j-api-2.0.12.jar;C:\Users\andre\.m2\repository\com\google\code\gson\gson\2.10.1\gson-2.10.1.jar;C:\Users\andre\.m2\repository\com\github\docker-java\docker-java\3.3.6\docker-java-3.3.6.jar;C:\Users\andre\.m2\repository\com\github\docker-java\docker-java-core\3.3.6\docker-java-core-3.3.6.jar;C:\Users\andre\.m2\repository\com\github\docker-java\docker-java-api\3.3.6\docker-java-api-3.3.6.jar;C:\Users\andre\.m2\repository\com\fasterxml\jackson\core\jackson-annotations\2.10.3\jackson-annotations-2.10.3.jar;C:\Users\andre\.m2\repository\com\fasterxml\jackson\core\jackson-databind\2.10.3\jackson-databind-2.10.3.jar;C:\Users\andre\.m2\repository\com\fasterxml\jackson\core\jackson-core\2.10.3\jackson-core-2.10.3.jar;C:\Users\andre\.m2\repository\org\bouncycastle\bcpkix-jdk18on\1.76\bcpkix-jdk18on-1.76.jar;C:\Users\andre\.m2\repository\org\bouncycastle\bcprov-jdk18on\1.76\bcprov-jdk18on-1.76.jar;C:\Users\andre\.m2\repository\org\bouncycastle\bcutil-jdk18on\1.76\bcutil-jdk18on-1.76.jar;C:\Users\andre\.m2\repository\org\slf4j\jcl-over-slf4j\1.7.30\jcl-over-slf4j-1.7.30.jar;C:\Users\andre\.m2\repository\com\github\docker-java\docker-java-transport-httpclient5\3.3.6\docker-java-transport-httpclient5-3.3.6.jar;C:\Users\andre\.m2\repository\com\github\docker-java\docker-java-transport\3.3.6\docker-java-transport-3.3.6.jar;C:\Users\andre\.m2\repository\net\java\dev\jna\jna\5.13.0\jna-5.13.0.jar;C:\Users\andre\.m2\repository\org\brotli\dec\0.1.2\dec-0.1.2.jar;C:\Users\andre\.m2\repository\org\apache\commons\commons-lang3\3.14.0\commons-lang3-3.14.0.jar;C:\Users\andre\.m2\repository\org\apache\commons\commons-compress\1.26.1\commons-compress-1.26.1.jar;C:\Users\andre\.m2\repository\commons-codec\commons-codec\1.16.1\commons-codec-1.16.1.jar;C:\Users\andre\.m2\repository\commons-io\commons-io\2.15.1\commons-io-2.15.1.jar;C:\Users\andre\.m2\repository\org\apache\httpcomponents\client5\httpclient5\5.2.1\httpclient5-5.2.1.jar;C:\Users\andre\.m2\repository\org\apache\httpcomponents\core5\httpcore5\5.2\httpcore5-5.2.jar;C:\Users\andre\.m2\repository\org\apache\httpcomponents\core5\httpcore5-h2\5.2\httpcore5-h2-5.2.jar;C:\Users\andre\.m2\repository\org\junit\jupiter\junit-jupiter\5.10.2\junit-jupiter-5.10.2.jar;C:\Users\andre\.m2\repository\org\junit\jupiter\junit-jupiter-api\5.10.2\junit-jupiter-api-5.10.2.jar;C:\Users\andre\.m2\repository\org\junit\jupiter\junit-jupiter-params\5.10.2\junit-jupiter-params-5.10.2.jar;C:\Users\andre\.m2\repository\org\junit\jupiter\junit-jupiter-engine\5.10.2\junit-jupiter-engine-5.10.2.jar;C:\Users\andre\.m2\repository\org\junit\platform\junit-platform-suite\1.10.2\junit-platform-suite-1.10.2.jar;C:\Users\andre\.m2\repository\org\junit\platform\junit-platform-suite-api\1.10.2\junit-platform-suite-api-1.10.2.jar;C:\Users\andre\.m2\repository\org\junit\platform\junit-platform-suite-engine\1.10.2\junit-platform-suite-engine-1.10.2.jar;C:\Users\andre\.m2\repository\org\junit\platform\junit-platform-suite-commons\1.10.2\junit-platform-suite-commons-1.10.2.jar;C:\Users\andre\.m2\repository\org\junit\platform\junit-platform-launcher\1.10.2\junit-platform-launcher-1.10.2.jar;C:\Users\andre\.m2\repository\org\slf4j\slf4j-simple\2.0.16\slf4j-simple-2.0.16.jar;"/>
    <property name="sun.cpu.endian" value="little"/>
    <property name="user.home" value="C:\Users\andre"/>
    <property name="user.language" value="es"/>
    <property name="java.specification.vendor" value="Oracle Corporation"/>
    <property name="java.version.date" value="2024-01-16"/>
    <property name="java.home" value="C:\Program Files\Java\jdk-21"/>
    <property name="file.separator" value="\"/>
    <property name="basedir" value="C:\Users\andre\Desktop\AUTOMATIZACIÓN DE PRUEBAS\Módulo 5\Clinica-web-Test"/>
    <property name="java.vm.compressedOopsMode" value="32-bit"/>
    <property name="line.separator" value="&#10;"/>
    <property name="java.vm.specification.vendor" value="Oracle Corporation"/>
    <property name="java.specification.name" value="Java Platform API Specification"/>
    <property name="surefire.real.class.path" value="C:\Users\andre\AppData\Local\Temp\surefire13548218141023425496\surefirebooter-20250820214119525_3.jar"/>
    <property name="user.script" value=""/>
    <property name="sun.management.compiler" value="HotSpot 64-Bit Tiered Compilers"/>
    <property name="java.runtime.version" value="21.0.2+13-LTS-58"/>
    <property name="user.name" value="andre"/>
    <property name="stdout.encoding" value="Cp1252"/>
    <property name="path.separator" value=";"/>
    <property name="os.version" value="10.0"/>
    <property name="java.runtime.name" value="Java(TM) SE Runtime Environment"/>
    <property name="file.encoding" value="UTF-8"/>
    <property name="java.vm.name" value="Java HotSpot(TM) 64-Bit Server VM"/>
    <property name="localRepository" value="C:\Users\andre\.m2\repository"/>
    <property name="java.vendor.url.bug" value="https://bugreport.java.com/bugreport/"/>
    <property name="java.io.tmpdir" value="C:\Users\andre\AppData\Local\Temp\"/>
    <property name="java.version" value="21.0.2"/>
    <property name="cucumber.filter.tags" value="@login and @reglas"/>
    <property name="user.dir" value="C:\Users\andre\Desktop\AUTOMATIZACIÓN DE PRUEBAS\Módulo 5\Clinica-web-Test"/>
    <property name="os.arch" value="amd64"/>
    <property name="java.vm.specification.name" value="Java Virtual Machine Specification"/>
    <property name="sun.os.patch.level" value=""/>
    <property name="native.encoding" value="Cp1252"/>
    <property name="java.library.path" value="C:\Program Files\Java\jdk-21\bin;C:\WINDOWS\Sun\Java\bin;C:\WINDOWS\system32;C:\WINDOWS;C:\Program Files\Common Files\Oracle\Java\javapath;C:\WINDOWS\system32;C:\WINDOWS;C:\WINDOWS\System32\Wbem;C:\WINDOWS\System32\WindowsPowerShell\v1.0\;C:\WINDOWS\System32\OpenSSH\;C:\ProgramData\chocolatey\bin;C:\Program Files\Azure Data Studio\bin;C:\Program Files\dotnet\;D:\NODE\;C:\Program Files\Apache\Maven\apache-maven-3.9.9\bin;C:\Program Files\PostgreSQL\17\bin;C:\Program Files\ffmpeg-master-latest-win64-gpl-shared\bin;C:\Program Files\Git\cmd;C:\Program Files\MySQL\MySQL Shell 8.0\bin\;D:\PYTHON\Scripts\;D:\PYTHON\;C:\Users\andre\.console-ninja\.bin;C:\Users\andre\.console-ninja\.bin;C:\Users\andre\AppData\Local\Microsoft\WindowsApps;C:\Users\andre\AppData\Local\Programs\Microsoft VS Code\bin;C:\Program Files\Azure Data Studio\bin;C:\Program Files\JetBrains\IntelliJ IDEA Community Edition 2023.3.4\bin;;C:\Program Files\JetBrains\IntelliJ IDEA 2024.2.0.2\bin;;C:\Users\andre\AppData\Roaming\npm;C:\Users\andre\AppData\Local\Programs\Azure Data Studio\bin;C:\Program Files\Apache\Maven\apache-maven-3.9.9\bin;;."/>
    <property name="java.vm.info" value="mixed mode, sharing"/>
    <property name="stderr.encoding" value="Cp1252"/>
    <property name="java.vendor" value="Oracle Corporation"/>
    <property name="java.vm.version" value="21.0.2+13-LTS-58"/>
    <property name="sun.io.unicode.encoding" value="UnicodeLittle"/>
    <property name="java.class.version" value="65.0"/>
  </properties>
  <testcase name="Example #1.1" classname="Examples" time="11.327">
    <failure message="No se encontraron todos los mensajes esperados.&#10;Esperados: [Ficha registrada con éxito.]&#10;Actuales: [] ==&gt; expected: &lt;true&gt; but was: &lt;false&gt;" type="org.opentest4j.AssertionFailedError"><![CDATA[org.opentest4j.AssertionFailedError: 
No se encontraron todos los mensajes esperados.
Esperados: [Ficha registrada con éxito.]
Actuales: [] ==> expected: <true> but was: <false>
	at cl.kibernum.steps.FichaClinicaSteps.recibe_los_mensajes(FichaClinicaSteps.java:41)
	at ✽.recibe los mensajes(classpath:features/ficha-clinica.feature:7)
]]></failure>
    <system-out><![CDATA[
@ficha
Scenario Outline: Completar datos del paciente en ficha clínica                                   &amp#27;[90m# features/ficha-clinica.feature:14&amp#27;[0m
  &amp#27;[32mGiven &amp#27;[0m&amp#27;[32mque el usuario ingresa a ficha clínica accediendo con usuario &amp#27;[0m&amp#27;[32m&amp#27;[1m"doctor"&amp#27;[0m&amp#27;[32m y clave &amp#27;[0m&amp#27;[32m&amp#27;[1m"password"&amp#27;[0m &amp#27;[90m# cl.kibernum.steps.FichaClinicaSteps.que_el_usuario_ingresa_a_ficha_clínica_accediendo_con_usuario_y_clave(java.lang.String,java.lang.String)&amp#27;[0m
  &amp#27;[32mWhen &amp#27;[0m&amp#27;[32mcompleta la ficha con &amp#27;[0m&amp#27;[32m&amp#27;[1mAndrea J&amp#27;[0m&amp#27;[32m, &amp#27;[0m&amp#27;[32m&amp#27;[1mrosácea&amp#27;[0m&amp#27;[32m, &amp#27;[0m&amp#27;[32m&amp#27;[1m50&amp#27;[0m&amp#27;[32m y &amp#27;[0m&amp#27;[32m&amp#27;[1mCrema tópica&amp#27;[0m                                 &amp#27;[90m# cl.kibernum.steps.FichaClinicaSteps.completa_la_ficha_con_paciente_diagnostico_edad_y_tratamiento(java.lang.String,java.lang.String,java.lang.String,java.lang.String)&amp#27;[0m
mensaje esperado: [Ficha registrada con éxito.]
mensaje recibido: []
  &amp#27;[31mThen &amp#27;[0m&amp#27;[31mrecibe los mensajes&amp#27;[0m                                                                        &amp#27;[90m# cl.kibernum.steps.FichaClinicaSteps.recibe_los_mensajes(io.cucumber.datatable.DataTable)&amp#27;[0m
    | Ficha registrada con éxito. |
    | [empty]                     |
    | [empty]                     |
      &amp#27;[31morg.opentest4j.AssertionFailedError: No se encontraron todos los mensajes esperados.
Esperados: [Ficha registrada con éxito.]
Actuales: [] ==> expected: <true> but was: <false>
	at org.junit.jupiter.api.AssertionFailureBuilder.build(AssertionFailureBuilder.java:151)
	at org.junit.jupiter.api.AssertionFailureBuilder.buildAndThrow(AssertionFailureBuilder.java:132)
	at org.junit.jupiter.api.AssertTrue.failNotTrue(AssertTrue.java:63)
	at org.junit.jupiter.api.AssertTrue.assertTrue(AssertTrue.java:36)
	at org.junit.jupiter.api.Assertions.assertTrue(Assertions.java:214)
	at cl.kibernum.steps.FichaClinicaSteps.recibe_los_mensajes(FichaClinicaSteps.java:41)
	at ✽.recibe los mensajes(classpath:features/ficha-clinica.feature:7)
&amp#27;[0m

    Embedding Completar datos del paciente en ficha clínica [image/png 37103 bytes]

]]></system-out>
    <system-err><![CDATA[[main] INFO io.github.bonigarcia.wdm.WebDriverManager - Using chromedriver 139.0.7258.138 (resolved driver for Chrome 139)
[main] INFO io.github.bonigarcia.wdm.WebDriverManager - Exporting webdriver.chrome.driver as C:\Users\andre\.cache\selenium\chromedriver\win64\139.0.7258.138\chromedriver.exe
ago 20, 2025 9:41:24 P. M. org.openqa.selenium.devtools.CdpVersionFinder findNearestMatch
WARNING: Unable to find CDP implementation matching 139
ago 20, 2025 9:41:24 P. M. org.openqa.selenium.chromium.ChromiumDriver lambda$new$5
WARNING: Unable to find version of CDP to use for 139.0.7258.138. You may need to include a dependency on a specific version of the CDP using something similar to `org.seleniumhq.selenium:selenium-devtools-v86:4.21.0` where the version ("v86") matches the version of the chromium-based browser you're using and the version number of the artifact is the same as Selenium's.
]]></system-err>
  </testcase>
  <testcase name="Example #1.1" classname="Examples" time="3.942">
    <system-out><![CDATA[
@reglas
Scenario Outline: Regla para diagnóstico pediátrico e ingreso obligatorio de tratamiento                                     &amp#27;[90m# features/reglas-clinicas.feature:10&amp#27;[0m
  &amp#27;[32mGiven &amp#27;[0m&amp#27;[32mque el doctor está en la página de la ficha clínica&amp#27;[0m                                                                  &amp#27;[90m# cl.kibernum.steps.ReglasClinicasSteps.que_el_usuario_ingresa_a_ficha_clínica_accediendo_con_usuario_y_clave()&amp#27;[0m
  &amp#27;[32mAnd &amp#27;[0m&amp#27;[32mcompleta el nombre del paciente &amp#27;[0m&amp#27;[32m&amp#27;[1m"Francisca"&amp#27;[0m&amp#27;[32m, el diagnóstico &amp#27;[0m&amp#27;[32m&amp#27;[1mPediátrico&amp#27;[0m&amp#27;[32m, la edad &amp#27;[0m&amp#27;[32m&amp#27;[1m11&amp#27;[0m&amp#27;[32m y el tratamiento &amp#27;[0m&amp#27;[32m&amp#27;[1m&amp#27;[0m&amp#27;[32m y guarda la ficha&amp#27;[0m &amp#27;[90m# cl.kibernum.steps.ReglasClinicasSteps.completa_la_ficha_con_paciente_diagnostico_edad_y_tratamiento(java.lang.String,java.lang.String,java.lang.String,java.lang.String)&amp#27;[0m
  &amp#27;[32mThen &amp#27;[0m&amp#27;[32mdebe ver el mensaje de error &amp#27;[0m&amp#27;[32m&amp#27;[1mEl tratamiento es obligatorio para guardar la ficha.&amp#27;[0m                                     &amp#27;[90m# cl.kibernum.steps.ReglasClinicasSteps.debeVerElMensajeDeError(java.lang.String)&amp#27;[0m
]]></system-out>
    <system-err><![CDATA[[main] INFO io.github.bonigarcia.wdm.WebDriverManager - Using chromedriver 139.0.7258.138 (resolved driver for Chrome 139)
[main] INFO io.github.bonigarcia.wdm.WebDriverManager - Exporting webdriver.chrome.driver as C:\Users\andre\.cache\selenium\chromedriver\win64\139.0.7258.138\chromedriver.exe
ago 20, 2025 9:42:45 P. M. org.openqa.selenium.devtools.CdpVersionFinder findNearestMatch
WARNING: Unable to find CDP implementation matching 139
ago 20, 2025 9:42:45 P. M. org.openqa.selenium.chromium.ChromiumDriver lambda$new$5
WARNING: Unable to find version of CDP to use for 139.0.7258.138. You may need to include a dependency on a specific version of the CDP using something similar to `org.seleniumhq.selenium:selenium-devtools-v86:4.21.0` where the version ("v86") matches the version of the chromium-based browser you're using and the version number of the artifact is the same as Selenium's.
]]></system-err>
  </testcase>
  <testcase name="Example #1.2" classname="Examples" time="3.849">
    <system-out><![CDATA[
@ficha
Scenario Outline: Completar datos del paciente en ficha clínica                                   &amp#27;[90m# features/ficha-clinica.feature:15&amp#27;[0m
  &amp#27;[32mGiven &amp#27;[0m&amp#27;[32mque el usuario ingresa a ficha clínica accediendo con usuario &amp#27;[0m&amp#27;[32m&amp#27;[1m"doctor"&amp#27;[0m&amp#27;[32m y clave &amp#27;[0m&amp#27;[32m&amp#27;[1m"password"&amp#27;[0m &amp#27;[90m# cl.kibernum.steps.FichaClinicaSteps.que_el_usuario_ingresa_a_ficha_clínica_accediendo_con_usuario_y_clave(java.lang.String,java.lang.String)&amp#27;[0m
  &amp#27;[32mWhen &amp#27;[0m&amp#27;[32mcompleta la ficha con &amp#27;[0m&amp#27;[32m&amp#27;[1mSofía E&amp#27;[0m&amp#27;[32m, &amp#27;[0m&amp#27;[32m&amp#27;[1mT.E.A.&amp#27;[0m&amp#27;[32m, &amp#27;[0m&amp#27;[32m&amp#27;[1m10&amp#27;[0m&amp#27;[32m y &amp#27;[0m&amp#27;[32m&amp#27;[1mTerapia psico&amp#27;[0m                                  &amp#27;[90m# cl.kibernum.steps.FichaClinicaSteps.completa_la_ficha_con_paciente_diagnostico_edad_y_tratamiento(java.lang.String,java.lang.String,java.lang.String,java.lang.String)&amp#27;[0m
mensaje esperado: [Para menores de 12 años, el diagnóstico debe ser "Pediátrico".]
mensaje recibido: [Para menores de 12 años, el diagnóstico debe ser "Pediátrico".]
  &amp#27;[32mThen &amp#27;[0m&amp#27;[32mrecibe los mensajes&amp#27;[0m                                                                        &amp#27;[90m# cl.kibernum.steps.FichaClinicaSteps.recibe_los_mensajes(io.cucumber.datatable.DataTable)&amp#27;[0m
    | Para menores de 12 años, el diagnóstico debe ser "Pediátrico". |
    | [empty]                                                        |
    | [empty]                                                        |
]]></system-out>
    <system-err><![CDATA[[main] INFO io.github.bonigarcia.wdm.WebDriverManager - Using chromedriver 139.0.7258.138 (resolved driver for Chrome 139)
[main] INFO io.github.bonigarcia.wdm.WebDriverManager - Exporting webdriver.chrome.driver as C:\Users\andre\.cache\selenium\chromedriver\win64\139.0.7258.138\chromedriver.exe
ago 20, 2025 9:41:34 P. M. org.openqa.selenium.devtools.CdpVersionFinder findNearestMatch
WARNING: Unable to find CDP implementation matching 139
ago 20, 2025 9:41:34 P. M. org.openqa.selenium.chromium.ChromiumDriver lambda$new$5
WARNING: Unable to find version of CDP to use for 139.0.7258.138. You may need to include a dependency on a specific version of the CDP using something similar to `org.seleniumhq.selenium:selenium-devtools-v86:4.21.0` where the version ("v86") matches the version of the chromium-based browser you're using and the version number of the artifact is the same as Selenium's.
]]></system-err>
  </testcase>
  <testcase name="Example #1.2" classname="Examples" time="3.06">
    <system-out><![CDATA[
@reglas
Scenario Outline: Regla para diagnóstico pediátrico e ingreso obligatorio de tratamiento                                                &amp#27;[90m# features/reglas-clinicas.feature:11&amp#27;[0m
  &amp#27;[32mGiven &amp#27;[0m&amp#27;[32mque el doctor está en la página de la ficha clínica&amp#27;[0m                                                                             &amp#27;[90m# cl.kibernum.steps.ReglasClinicasSteps.que_el_usuario_ingresa_a_ficha_clínica_accediendo_con_usuario_y_clave()&amp#27;[0m
  &amp#27;[32mAnd &amp#27;[0m&amp#27;[32mcompleta el nombre del paciente &amp#27;[0m&amp#27;[32m&amp#27;[1m"Francisca"&amp#27;[0m&amp#27;[32m, el diagnóstico &amp#27;[0m&amp#27;[32m&amp#27;[1mBronquitis&amp#27;[0m&amp#27;[32m, la edad &amp#27;[0m&amp#27;[32m&amp#27;[1m8&amp#27;[0m&amp#27;[32m y el tratamiento &amp#27;[0m&amp#27;[32m&amp#27;[1mAntibióticos&amp#27;[0m&amp#27;[32m y guarda la ficha&amp#27;[0m &amp#27;[90m# cl.kibernum.steps.ReglasClinicasSteps.completa_la_ficha_con_paciente_diagnostico_edad_y_tratamiento(java.lang.String,java.lang.String,java.lang.String,java.lang.String)&amp#27;[0m
  &amp#27;[32mThen &amp#27;[0m&amp#27;[32mdebe ver el mensaje de error &amp#27;[0m&amp#27;[32m&amp#27;[1mPara menores de 12 años, el diagnóstico debe ser "Pediátrico".&amp#27;[0m                                      &amp#27;[90m# cl.kibernum.steps.ReglasClinicasSteps.debeVerElMensajeDeError(java.lang.String)&amp#27;[0m
]]></system-out>
    <system-err><![CDATA[[main] INFO io.github.bonigarcia.wdm.WebDriverManager - Using chromedriver 139.0.7258.138 (resolved driver for Chrome 139)
[main] INFO io.github.bonigarcia.wdm.WebDriverManager - Exporting webdriver.chrome.driver as C:\Users\andre\.cache\selenium\chromedriver\win64\139.0.7258.138\chromedriver.exe
ago 20, 2025 9:42:49 P. M. org.openqa.selenium.devtools.CdpVersionFinder findNearestMatch
WARNING: Unable to find CDP implementation matching 139
ago 20, 2025 9:42:49 P. M. org.openqa.selenium.chromium.ChromiumDriver lambda$new$5
WARNING: Unable to find version of CDP to use for 139.0.7258.138. You may need to include a dependency on a specific version of the CDP using something similar to `org.seleniumhq.selenium:selenium-devtools-v86:4.21.0` where the version ("v86") matches the version of the chromium-based browser you're using and the version number of the artifact is the same as Selenium's.
]]></system-err>
  </testcase>
  <testcase name="Example #1.3" classname="Examples" time="8.863">
    <failure message="No se encontraron todos los mensajes esperados.&#10;Esperados: [Ficha registrada con éxito.]&#10;Actuales: [] ==&gt; expected: &lt;true&gt; but was: &lt;false&gt;" type="org.opentest4j.AssertionFailedError"><![CDATA[org.opentest4j.AssertionFailedError: 
No se encontraron todos los mensajes esperados.
Esperados: [Ficha registrada con éxito.]
Actuales: [] ==> expected: <true> but was: <false>
	at cl.kibernum.steps.FichaClinicaSteps.recibe_los_mensajes(FichaClinicaSteps.java:41)
	at ✽.recibe los mensajes(classpath:features/ficha-clinica.feature:7)
]]></failure>
    <system-out><![CDATA[
@ficha
Scenario Outline: Completar datos del paciente en ficha clínica                                   &amp#27;[90m# features/ficha-clinica.feature:16&amp#27;[0m
  &amp#27;[32mGiven &amp#27;[0m&amp#27;[32mque el usuario ingresa a ficha clínica accediendo con usuario &amp#27;[0m&amp#27;[32m&amp#27;[1m"doctor"&amp#27;[0m&amp#27;[32m y clave &amp#27;[0m&amp#27;[32m&amp#27;[1m"password"&amp#27;[0m &amp#27;[90m# cl.kibernum.steps.FichaClinicaSteps.que_el_usuario_ingresa_a_ficha_clínica_accediendo_con_usuario_y_clave(java.lang.String,java.lang.String)&amp#27;[0m
  &amp#27;[32mWhen &amp#27;[0m&amp#27;[32mcompleta la ficha con &amp#27;[0m&amp#27;[32m&amp#27;[1mVíctor M&amp#27;[0m&amp#27;[32m, &amp#27;[0m&amp#27;[32m&amp#27;[1mPediátrico&amp#27;[0m&amp#27;[32m, &amp#27;[0m&amp#27;[32m&amp#27;[1m11&amp#27;[0m&amp#27;[32m y &amp#27;[0m&amp#27;[32m&amp#27;[1mTerapia kine&amp#27;[0m                              &amp#27;[90m# cl.kibernum.steps.FichaClinicaSteps.completa_la_ficha_con_paciente_diagnostico_edad_y_tratamiento(java.lang.String,java.lang.String,java.lang.String,java.lang.String)&amp#27;[0m
mensaje esperado: [Ficha registrada con éxito.]
mensaje recibido: []
  &amp#27;[31mThen &amp#27;[0m&amp#27;[31mrecibe los mensajes&amp#27;[0m                                                                        &amp#27;[90m# cl.kibernum.steps.FichaClinicaSteps.recibe_los_mensajes(io.cucumber.datatable.DataTable)&amp#27;[0m
    | Ficha registrada con éxito. |
    | [empty]                     |
    | [empty]                     |
      &amp#27;[31morg.opentest4j.AssertionFailedError: No se encontraron todos los mensajes esperados.
Esperados: [Ficha registrada con éxito.]
Actuales: [] ==> expected: <true> but was: <false>
	at org.junit.jupiter.api.AssertionFailureBuilder.build(AssertionFailureBuilder.java:151)
	at org.junit.jupiter.api.AssertionFailureBuilder.buildAndThrow(AssertionFailureBuilder.java:132)
	at org.junit.jupiter.api.AssertTrue.failNotTrue(AssertTrue.java:63)
	at org.junit.jupiter.api.AssertTrue.assertTrue(AssertTrue.java:36)
	at org.junit.jupiter.api.Assertions.assertTrue(Assertions.java:214)
	at cl.kibernum.steps.FichaClinicaSteps.recibe_los_mensajes(FichaClinicaSteps.java:41)
	at ✽.recibe los mensajes(classpath:features/ficha-clinica.feature:7)
&amp#27;[0m

    Embedding Completar datos del paciente en ficha clínica [image/png 36551 bytes]

]]></system-out>
    <system-err><![CDATA[[main] INFO io.github.bonigarcia.wdm.WebDriverManager - Using chromedriver 139.0.7258.138 (resolved driver for Chrome 139)
[main] INFO io.github.bonigarcia.wdm.WebDriverManager - Exporting webdriver.chrome.driver as C:\Users\andre\.cache\selenium\chromedriver\win64\139.0.7258.138\chromedriver.exe
ago 20, 2025 9:41:38 P. M. org.openqa.selenium.devtools.CdpVersionFinder findNearestMatch
WARNING: Unable to find CDP implementation matching 139
ago 20, 2025 9:41:38 P. M. org.openqa.selenium.chromium.ChromiumDriver lambda$new$5
WARNING: Unable to find version of CDP to use for 139.0.7258.138. You may need to include a dependency on a specific version of the CDP using something similar to `org.seleniumhq.selenium:selenium-devtools-v86:4.21.0` where the version ("v86") matches the version of the chromium-based browser you're using and the version number of the artifact is the same as Selenium's.
]]></system-err>
  </testcase>
  <testcase name="Example #1.4" classname="Examples" time="8.608">
    <failure message="No se encontraron todos los mensajes esperados.&#10;Esperados: [Ficha registrada con éxito.]&#10;Actuales: [] ==&gt; expected: &lt;true&gt; but was: &lt;false&gt;" type="org.opentest4j.AssertionFailedError"><![CDATA[org.opentest4j.AssertionFailedError: 
No se encontraron todos los mensajes esperados.
Esperados: [Ficha registrada con éxito.]
Actuales: [] ==> expected: <true> but was: <false>
	at cl.kibernum.steps.FichaClinicaSteps.recibe_los_mensajes(FichaClinicaSteps.java:41)
	at ✽.recibe los mensajes(classpath:features/ficha-clinica.feature:7)
]]></failure>
    <system-out><![CDATA[
@ficha
Scenario Outline: Completar datos del paciente en ficha clínica                                   &amp#27;[90m# features/ficha-clinica.feature:17&amp#27;[0m
  &amp#27;[32mGiven &amp#27;[0m&amp#27;[32mque el usuario ingresa a ficha clínica accediendo con usuario &amp#27;[0m&amp#27;[32m&amp#27;[1m"doctor"&amp#27;[0m&amp#27;[32m y clave &amp#27;[0m&amp#27;[32m&amp#27;[1m"password"&amp#27;[0m &amp#27;[90m# cl.kibernum.steps.FichaClinicaSteps.que_el_usuario_ingresa_a_ficha_clínica_accediendo_con_usuario_y_clave(java.lang.String,java.lang.String)&amp#27;[0m
  &amp#27;[32mWhen &amp#27;[0m&amp#27;[32mcompleta la ficha con &amp#27;[0m&amp#27;[32m&amp#27;[1mFrancisca&amp#27;[0m&amp#27;[32m, &amp#27;[0m&amp#27;[32m&amp#27;[1mGripe&amp#27;[0m&amp#27;[32m, &amp#27;[0m&amp#27;[32m&amp#27;[1m12&amp#27;[0m&amp#27;[32m y &amp#27;[0m&amp#27;[32m&amp#27;[1mNastizol&amp#27;[0m                                      &amp#27;[90m# cl.kibernum.steps.FichaClinicaSteps.completa_la_ficha_con_paciente_diagnostico_edad_y_tratamiento(java.lang.String,java.lang.String,java.lang.String,java.lang.String)&amp#27;[0m
mensaje esperado: [Ficha registrada con éxito.]
mensaje recibido: []
  &amp#27;[31mThen &amp#27;[0m&amp#27;[31mrecibe los mensajes&amp#27;[0m                                                                        &amp#27;[90m# cl.kibernum.steps.FichaClinicaSteps.recibe_los_mensajes(io.cucumber.datatable.DataTable)&amp#27;[0m
    | Ficha registrada con éxito. |
    | [empty]                     |
    | [empty]                     |
      &amp#27;[31morg.opentest4j.AssertionFailedError: No se encontraron todos los mensajes esperados.
Esperados: [Ficha registrada con éxito.]
Actuales: [] ==> expected: <true> but was: <false>
	at org.junit.jupiter.api.AssertionFailureBuilder.build(AssertionFailureBuilder.java:151)
	at org.junit.jupiter.api.AssertionFailureBuilder.buildAndThrow(AssertionFailureBuilder.java:132)
	at org.junit.jupiter.api.AssertTrue.failNotTrue(AssertTrue.java:63)
	at org.junit.jupiter.api.AssertTrue.assertTrue(AssertTrue.java:36)
	at org.junit.jupiter.api.Assertions.assertTrue(Assertions.java:214)
	at cl.kibernum.steps.FichaClinicaSteps.recibe_los_mensajes(FichaClinicaSteps.java:41)
	at ✽.recibe los mensajes(classpath:features/ficha-clinica.feature:7)
&amp#27;[0m

    Embedding Completar datos del paciente en ficha clínica [image/png 35611 bytes]

]]></system-out>
    <system-err><![CDATA[[main] INFO io.github.bonigarcia.wdm.WebDriverManager - Using chromedriver 139.0.7258.138 (resolved driver for Chrome 139)
[main] INFO io.github.bonigarcia.wdm.WebDriverManager - Exporting webdriver.chrome.driver as C:\Users\andre\.cache\selenium\chromedriver\win64\139.0.7258.138\chromedriver.exe
ago 20, 2025 9:41:46 P. M. org.openqa.selenium.devtools.CdpVersionFinder findNearestMatch
WARNING: Unable to find CDP implementation matching 139
ago 20, 2025 9:41:46 P. M. org.openqa.selenium.chromium.ChromiumDriver lambda$new$5
WARNING: Unable to find version of CDP to use for 139.0.7258.138. You may need to include a dependency on a specific version of the CDP using something similar to `org.seleniumhq.selenium:selenium-devtools-v86:4.21.0` where the version ("v86") matches the version of the chromium-based browser you're using and the version number of the artifact is the same as Selenium's.
]]></system-err>
  </testcase>
  <testcase name="Example #1.5" classname="Examples" time="3.742">
    <system-out><![CDATA[
@ficha
Scenario Outline: Completar datos del paciente en ficha clínica                                   &amp#27;[90m# features/ficha-clinica.feature:18&amp#27;[0m
  &amp#27;[32mGiven &amp#27;[0m&amp#27;[32mque el usuario ingresa a ficha clínica accediendo con usuario &amp#27;[0m&amp#27;[32m&amp#27;[1m"doctor"&amp#27;[0m&amp#27;[32m y clave &amp#27;[0m&amp#27;[32m&amp#27;[1m"password"&amp#27;[0m &amp#27;[90m# cl.kibernum.steps.FichaClinicaSteps.que_el_usuario_ingresa_a_ficha_clínica_accediendo_con_usuario_y_clave(java.lang.String,java.lang.String)&amp#27;[0m
  &amp#27;[32mWhen &amp#27;[0m&amp#27;[32mcompleta la ficha con &amp#27;[0m&amp#27;[32m&amp#27;[1mJuana S&amp#27;[0m&amp#27;[32m, &amp#27;[0m&amp#27;[32m&amp#27;[1m&amp#27;[0m&amp#27;[32m, &amp#27;[0m&amp#27;[32m&amp#27;[1m39&amp#27;[0m&amp#27;[32m y &amp#27;[0m&amp#27;[32m&amp#27;[1mEjercicios&amp#27;[0m                                           &amp#27;[90m# cl.kibernum.steps.FichaClinicaSteps.completa_la_ficha_con_paciente_diagnostico_edad_y_tratamiento(java.lang.String,java.lang.String,java.lang.String,java.lang.String)&amp#27;[0m
mensaje esperado: [Todos los campos son obligatorios.]
mensaje recibido: [Todos los campos son obligatorios.]
  &amp#27;[32mThen &amp#27;[0m&amp#27;[32mrecibe los mensajes&amp#27;[0m                                                                        &amp#27;[90m# cl.kibernum.steps.FichaClinicaSteps.recibe_los_mensajes(io.cucumber.datatable.DataTable)&amp#27;[0m
    | Todos los campos son obligatorios. |
    | [empty]                            |
    | [empty]                            |
]]></system-out>
    <system-err><![CDATA[[main] INFO io.github.bonigarcia.wdm.WebDriverManager - Using chromedriver 139.0.7258.138 (resolved driver for Chrome 139)
[main] INFO io.github.bonigarcia.wdm.WebDriverManager - Exporting webdriver.chrome.driver as C:\Users\andre\.cache\selenium\chromedriver\win64\139.0.7258.138\chromedriver.exe
ago 20, 2025 9:41:55 P. M. org.openqa.selenium.devtools.CdpVersionFinder findNearestMatch
WARNING: Unable to find CDP implementation matching 139
ago 20, 2025 9:41:55 P. M. org.openqa.selenium.chromium.ChromiumDriver lambda$new$5
WARNING: Unable to find version of CDP to use for 139.0.7258.138. You may need to include a dependency on a specific version of the CDP using something similar to `org.seleniumhq.selenium:selenium-devtools-v86:4.21.0` where the version ("v86") matches the version of the chromium-based browser you're using and the version number of the artifact is the same as Selenium's.
]]></system-err>
  </testcase>
  <testcase name="Example #1.6" classname="Examples" time="3.472">
    <system-out><![CDATA[
@ficha
Scenario Outline: Completar datos del paciente en ficha clínica                                   &amp#27;[90m# features/ficha-clinica.feature:19&amp#27;[0m
  &amp#27;[32mGiven &amp#27;[0m&amp#27;[32mque el usuario ingresa a ficha clínica accediendo con usuario &amp#27;[0m&amp#27;[32m&amp#27;[1m"doctor"&amp#27;[0m&amp#27;[32m y clave &amp#27;[0m&amp#27;[32m&amp#27;[1m"password"&amp#27;[0m &amp#27;[90m# cl.kibernum.steps.FichaClinicaSteps.que_el_usuario_ingresa_a_ficha_clínica_accediendo_con_usuario_y_clave(java.lang.String,java.lang.String)&amp#27;[0m
  &amp#27;[32mWhen &amp#27;[0m&amp#27;[32mcompleta la ficha con &amp#27;[0m&amp#27;[32m&amp#27;[1m&amp#27;[0m&amp#27;[32m, &amp#27;[0m&amp#27;[32m&amp#27;[1mlumbago&amp#27;[0m&amp#27;[32m, &amp#27;[0m&amp#27;[32m&amp#27;[1m21&amp#27;[0m&amp#27;[32m y &amp#27;[0m&amp#27;[32m&amp#27;[1mEjercicios&amp#27;[0m                                           &amp#27;[90m# cl.kibernum.steps.FichaClinicaSteps.completa_la_ficha_con_paciente_diagnostico_edad_y_tratamiento(java.lang.String,java.lang.String,java.lang.String,java.lang.String)&amp#27;[0m
mensaje esperado: [Todos los campos son obligatorios.]
mensaje recibido: [Todos los campos son obligatorios.]
  &amp#27;[32mThen &amp#27;[0m&amp#27;[32mrecibe los mensajes&amp#27;[0m                                                                        &amp#27;[90m# cl.kibernum.steps.FichaClinicaSteps.recibe_los_mensajes(io.cucumber.datatable.DataTable)&amp#27;[0m
    | Todos los campos son obligatorios. |
    | [empty]                            |
    | [empty]                            |
]]></system-out>
    <system-err><![CDATA[[main] INFO io.github.bonigarcia.wdm.WebDriverManager - Using chromedriver 139.0.7258.138 (resolved driver for Chrome 139)
[main] INFO io.github.bonigarcia.wdm.WebDriverManager - Exporting webdriver.chrome.driver as C:\Users\andre\.cache\selenium\chromedriver\win64\139.0.7258.138\chromedriver.exe
ago 20, 2025 9:41:59 P. M. org.openqa.selenium.devtools.CdpVersionFinder findNearestMatch
WARNING: Unable to find CDP implementation matching 139
ago 20, 2025 9:41:59 P. M. org.openqa.selenium.chromium.ChromiumDriver lambda$new$5
WARNING: Unable to find version of CDP to use for 139.0.7258.138. You may need to include a dependency on a specific version of the CDP using something similar to `org.seleniumhq.selenium:selenium-devtools-v86:4.21.0` where the version ("v86") matches the version of the chromium-based browser you're using and the version number of the artifact is the same as Selenium's.
]]></system-err>
  </testcase>
  <testcase name="Example #1.7" classname="Examples" time="3.267">
    <system-out><![CDATA[
@ficha
Scenario Outline: Completar datos del paciente en ficha clínica                                   &amp#27;[90m# features/ficha-clinica.feature:20&amp#27;[0m
  &amp#27;[32mGiven &amp#27;[0m&amp#27;[32mque el usuario ingresa a ficha clínica accediendo con usuario &amp#27;[0m&amp#27;[32m&amp#27;[1m"doctor"&amp#27;[0m&amp#27;[32m y clave &amp#27;[0m&amp#27;[32m&amp#27;[1m"password"&amp#27;[0m &amp#27;[90m# cl.kibernum.steps.FichaClinicaSteps.que_el_usuario_ingresa_a_ficha_clínica_accediendo_con_usuario_y_clave(java.lang.String,java.lang.String)&amp#27;[0m
  &amp#27;[32mWhen &amp#27;[0m&amp#27;[32mcompleta la ficha con &amp#27;[0m&amp#27;[32m&amp#27;[1mLuisa M&amp#27;[0m&amp#27;[32m, &amp#27;[0m&amp#27;[32m&amp#27;[1mhipertensión&amp#27;[0m&amp#27;[32m, &amp#27;[0m&amp#27;[32m&amp#27;[1m&amp#27;[0m&amp#27;[32m y &amp#27;[0m&amp#27;[32m&amp#27;[1mAntihipertensivos&amp#27;[0m                          &amp#27;[90m# cl.kibernum.steps.FichaClinicaSteps.completa_la_ficha_con_paciente_diagnostico_edad_y_tratamiento(java.lang.String,java.lang.String,java.lang.String,java.lang.String)&amp#27;[0m
mensaje esperado: [Todos los campos son obligatorios.]
mensaje recibido: [Todos los campos son obligatorios.]
  &amp#27;[32mThen &amp#27;[0m&amp#27;[32mrecibe los mensajes&amp#27;[0m                                                                        &amp#27;[90m# cl.kibernum.steps.FichaClinicaSteps.recibe_los_mensajes(io.cucumber.datatable.DataTable)&amp#27;[0m
    | Todos los campos son obligatorios. |
    | [empty]                            |
    | [empty]                            |
]]></system-out>
    <system-err><![CDATA[[main] INFO io.github.bonigarcia.wdm.WebDriverManager - Using chromedriver 139.0.7258.138 (resolved driver for Chrome 139)
[main] INFO io.github.bonigarcia.wdm.WebDriverManager - Exporting webdriver.chrome.driver as C:\Users\andre\.cache\selenium\chromedriver\win64\139.0.7258.138\chromedriver.exe
ago 20, 2025 9:42:02 P. M. org.openqa.selenium.devtools.CdpVersionFinder findNearestMatch
WARNING: Unable to find CDP implementation matching 139
ago 20, 2025 9:42:02 P. M. org.openqa.selenium.chromium.ChromiumDriver lambda$new$5
WARNING: Unable to find version of CDP to use for 139.0.7258.138. You may need to include a dependency on a specific version of the CDP using something similar to `org.seleniumhq.selenium:selenium-devtools-v86:4.21.0` where the version ("v86") matches the version of the chromium-based browser you're using and the version number of the artifact is the same as Selenium's.
]]></system-err>
  </testcase>
  <testcase name="Example #1.8" classname="Examples" time="3.284">
    <system-out><![CDATA[
@ficha
Scenario Outline: Completar datos del paciente en ficha clínica                                   &amp#27;[90m# features/ficha-clinica.feature:21&amp#27;[0m
  &amp#27;[32mGiven &amp#27;[0m&amp#27;[32mque el usuario ingresa a ficha clínica accediendo con usuario &amp#27;[0m&amp#27;[32m&amp#27;[1m"doctor"&amp#27;[0m&amp#27;[32m y clave &amp#27;[0m&amp#27;[32m&amp#27;[1m"password"&amp#27;[0m &amp#27;[90m# cl.kibernum.steps.FichaClinicaSteps.que_el_usuario_ingresa_a_ficha_clínica_accediendo_con_usuario_y_clave(java.lang.String,java.lang.String)&amp#27;[0m
  &amp#27;[32mWhen &amp#27;[0m&amp#27;[32mcompleta la ficha con &amp#27;[0m&amp#27;[32m&amp#27;[1mJuan B&amp#27;[0m&amp#27;[32m, &amp#27;[0m&amp#27;[32m&amp#27;[1motitis&amp#27;[0m&amp#27;[32m, &amp#27;[0m&amp#27;[32m&amp#27;[1m45&amp#27;[0m&amp#27;[32m y &amp#27;[0m&amp#27;[32m&amp#27;[1m&amp#27;[0m                                                &amp#27;[90m# cl.kibernum.steps.FichaClinicaSteps.completa_la_ficha_con_paciente_diagnostico_edad_y_tratamiento(java.lang.String,java.lang.String,java.lang.String,java.lang.String)&amp#27;[0m
mensaje esperado: [Todos los campos son obligatorios., El tratamiento es obligatorio para guardar la ficha.]
mensaje recibido: [Todos los campos son obligatorios., El tratamiento es obligatorio para guardar la ficha.]
  &amp#27;[32mThen &amp#27;[0m&amp#27;[32mrecibe los mensajes&amp#27;[0m                                                                        &amp#27;[90m# cl.kibernum.steps.FichaClinicaSteps.recibe_los_mensajes(io.cucumber.datatable.DataTable)&amp#27;[0m
    | Todos los campos son obligatorios.                   |
    | El tratamiento es obligatorio para guardar la ficha. |
    | [empty]                                              |
]]></system-out>
    <system-err><![CDATA[[main] INFO io.github.bonigarcia.wdm.WebDriverManager - Using chromedriver 139.0.7258.138 (resolved driver for Chrome 139)
[main] INFO io.github.bonigarcia.wdm.WebDriverManager - Exporting webdriver.chrome.driver as C:\Users\andre\.cache\selenium\chromedriver\win64\139.0.7258.138\chromedriver.exe
ago 20, 2025 9:42:05 P. M. org.openqa.selenium.devtools.CdpVersionFinder findNearestMatch
WARNING: Unable to find CDP implementation matching 139
ago 20, 2025 9:42:05 P. M. org.openqa.selenium.chromium.ChromiumDriver lambda$new$5
WARNING: Unable to find version of CDP to use for 139.0.7258.138. You may need to include a dependency on a specific version of the CDP using something similar to `org.seleniumhq.selenium:selenium-devtools-v86:4.21.0` where the version ("v86") matches the version of the chromium-based browser you're using and the version number of the artifact is the same as Selenium's.
]]></system-err>
  </testcase>
  <testcase name="Example #1.9" classname="Examples" time="9.248">
    <failure message="No se encontraron todos los mensajes esperados.&#10;Esperados: [Todos los campos son obligatorios., Para menores de 12 años, el diagnóstico debe ser &quot;Pediátrico&quot;., El tratamiento es obligatorio para guardar la ficha.]&#10;Actuales: [] ==&gt; expected: &lt;true&gt; but was: &lt;false&gt;" type="org.opentest4j.AssertionFailedError"><![CDATA[org.opentest4j.AssertionFailedError: 
No se encontraron todos los mensajes esperados.
Esperados: [Todos los campos son obligatorios., Para menores de 12 años, el diagnóstico debe ser "Pediátrico"., El tratamiento es obligatorio para guardar la ficha.]
Actuales: [] ==> expected: <true> but was: <false>
	at cl.kibernum.steps.FichaClinicaSteps.recibe_los_mensajes(FichaClinicaSteps.java:41)
	at ✽.recibe los mensajes(classpath:features/ficha-clinica.feature:7)
]]></failure>
    <system-out><![CDATA[
@ficha
Scenario Outline: Completar datos del paciente en ficha clínica                                   &amp#27;[90m# features/ficha-clinica.feature:22&amp#27;[0m
  &amp#27;[32mGiven &amp#27;[0m&amp#27;[32mque el usuario ingresa a ficha clínica accediendo con usuario &amp#27;[0m&amp#27;[32m&amp#27;[1m"doctor"&amp#27;[0m&amp#27;[32m y clave &amp#27;[0m&amp#27;[32m&amp#27;[1m"password"&amp#27;[0m &amp#27;[90m# cl.kibernum.steps.FichaClinicaSteps.que_el_usuario_ingresa_a_ficha_clínica_accediendo_con_usuario_y_clave(java.lang.String,java.lang.String)&amp#27;[0m
  &amp#27;[32mWhen &amp#27;[0m&amp#27;[32mcompleta la ficha con &amp#27;[0m&amp#27;[32m&amp#27;[1mMiguel&amp#27;[0m&amp#27;[32m, &amp#27;[0m&amp#27;[32m&amp#27;[1motitis&amp#27;[0m&amp#27;[32m, &amp#27;[0m&amp#27;[32m&amp#27;[1m10&amp#27;[0m&amp#27;[32m y &amp#27;[0m&amp#27;[32m&amp#27;[1m&amp#27;[0m                                                &amp#27;[90m# cl.kibernum.steps.FichaClinicaSteps.completa_la_ficha_con_paciente_diagnostico_edad_y_tratamiento(java.lang.String,java.lang.String,java.lang.String,java.lang.String)&amp#27;[0m
mensaje esperado: [Todos los campos son obligatorios., Para menores de 12 años, el diagnóstico debe ser "Pediátrico"., El tratamiento es obligatorio para guardar la ficha.]
mensaje recibido: []
  &amp#27;[31mThen &amp#27;[0m&amp#27;[31mrecibe los mensajes&amp#27;[0m                                                                        &amp#27;[90m# cl.kibernum.steps.FichaClinicaSteps.recibe_los_mensajes(io.cucumber.datatable.DataTable)&amp#27;[0m
    | Todos los campos son obligatorios.                             |
    | Para menores de 12 años, el diagnóstico debe ser "Pediátrico". |
    | El tratamiento es obligatorio para guardar la ficha.           |
      &amp#27;[31morg.opentest4j.AssertionFailedError: No se encontraron todos los mensajes esperados.
Esperados: [Todos los campos son obligatorios., Para menores de 12 años, el diagnóstico debe ser "Pediátrico"., El tratamiento es obligatorio para guardar la ficha.]
Actuales: [] ==> expected: <true> but was: <false>
	at org.junit.jupiter.api.AssertionFailureBuilder.build(AssertionFailureBuilder.java:151)
	at org.junit.jupiter.api.AssertionFailureBuilder.buildAndThrow(AssertionFailureBuilder.java:132)
	at org.junit.jupiter.api.AssertTrue.failNotTrue(AssertTrue.java:63)
	at org.junit.jupiter.api.AssertTrue.assertTrue(AssertTrue.java:36)
	at org.junit.jupiter.api.Assertions.assertTrue(Assertions.java:214)
	at cl.kibernum.steps.FichaClinicaSteps.recibe_los_mensajes(FichaClinicaSteps.java:41)
	at ✽.recibe los mensajes(classpath:features/ficha-clinica.feature:7)
&amp#27;[0m

    Embedding Completar datos del paciente en ficha clínica [image/png 34136 bytes]

]]></system-out>
    <system-err><![CDATA[[main] INFO io.github.bonigarcia.wdm.WebDriverManager - Using chromedriver 139.0.7258.138 (resolved driver for Chrome 139)
[main] INFO io.github.bonigarcia.wdm.WebDriverManager - Exporting webdriver.chrome.driver as C:\Users\andre\.cache\selenium\chromedriver\win64\139.0.7258.138\chromedriver.exe
ago 20, 2025 9:42:09 P. M. org.openqa.selenium.devtools.CdpVersionFinder findNearestMatch
WARNING: Unable to find CDP implementation matching 139
ago 20, 2025 9:42:09 P. M. org.openqa.selenium.chromium.ChromiumDriver lambda$new$5
WARNING: Unable to find version of CDP to use for 139.0.7258.138. You may need to include a dependency on a specific version of the CDP using something similar to `org.seleniumhq.selenium:selenium-devtools-v86:4.21.0` where the version ("v86") matches the version of the chromium-based browser you're using and the version number of the artifact is the same as Selenium's.
]]></system-err>
  </testcase>
  <testcase name="Example #1.10" classname="Examples" time="11.442">
    <failure message="No se encontraron todos los mensajes esperados.&#10;Esperados: [Todos los campos son obligatorios., El tratamiento es obligatorio para guardar la ficha.]&#10;Actuales: [] ==&gt; expected: &lt;true&gt; but was: &lt;false&gt;" type="org.opentest4j.AssertionFailedError"><![CDATA[org.opentest4j.AssertionFailedError: 
No se encontraron todos los mensajes esperados.
Esperados: [Todos los campos son obligatorios., El tratamiento es obligatorio para guardar la ficha.]
Actuales: [] ==> expected: <true> but was: <false>
	at cl.kibernum.steps.FichaClinicaSteps.recibe_los_mensajes(FichaClinicaSteps.java:41)
	at ✽.recibe los mensajes(classpath:features/ficha-clinica.feature:7)
]]></failure>
    <system-out><![CDATA[
@ficha
Scenario Outline: Completar datos del paciente en ficha clínica                                   &amp#27;[90m# features/ficha-clinica.feature:23&amp#27;[0m
  &amp#27;[32mGiven &amp#27;[0m&amp#27;[32mque el usuario ingresa a ficha clínica accediendo con usuario &amp#27;[0m&amp#27;[32m&amp#27;[1m"doctor"&amp#27;[0m&amp#27;[32m y clave &amp#27;[0m&amp#27;[32m&amp#27;[1m"password"&amp#27;[0m &amp#27;[90m# cl.kibernum.steps.FichaClinicaSteps.que_el_usuario_ingresa_a_ficha_clínica_accediendo_con_usuario_y_clave(java.lang.String,java.lang.String)&amp#27;[0m
  &amp#27;[32mWhen &amp#27;[0m&amp#27;[32mcompleta la ficha con &amp#27;[0m&amp#27;[32m&amp#27;[1m&amp#27;[0m&amp#27;[32m, &amp#27;[0m&amp#27;[32m&amp#27;[1m&amp#27;[0m&amp#27;[32m, &amp#27;[0m&amp#27;[32m&amp#27;[1m&amp#27;[0m&amp#27;[32m y &amp#27;[0m&amp#27;[32m&amp#27;[1m&amp#27;[0m                                                              &amp#27;[90m# cl.kibernum.steps.FichaClinicaSteps.completa_la_ficha_con_paciente_diagnostico_edad_y_tratamiento(java.lang.String,java.lang.String,java.lang.String,java.lang.String)&amp#27;[0m
mensaje esperado: [Todos los campos son obligatorios., El tratamiento es obligatorio para guardar la ficha.]
mensaje recibido: []
  &amp#27;[31mThen &amp#27;[0m&amp#27;[31mrecibe los mensajes&amp#27;[0m                                                                        &amp#27;[90m# cl.kibernum.steps.FichaClinicaSteps.recibe_los_mensajes(io.cucumber.datatable.DataTable)&amp#27;[0m
    | Todos los campos son obligatorios.                   |
    | El tratamiento es obligatorio para guardar la ficha. |
    | [empty]                                              |
      &amp#27;[31morg.opentest4j.AssertionFailedError: No se encontraron todos los mensajes esperados.
Esperados: [Todos los campos son obligatorios., El tratamiento es obligatorio para guardar la ficha.]
Actuales: [] ==> expected: <true> but was: <false>
	at org.junit.jupiter.api.AssertionFailureBuilder.build(AssertionFailureBuilder.java:151)
	at org.junit.jupiter.api.AssertionFailureBuilder.buildAndThrow(AssertionFailureBuilder.java:132)
	at org.junit.jupiter.api.AssertTrue.failNotTrue(AssertTrue.java:63)
	at org.junit.jupiter.api.AssertTrue.assertTrue(AssertTrue.java:36)
	at org.junit.jupiter.api.Assertions.assertTrue(Assertions.java:214)
	at cl.kibernum.steps.FichaClinicaSteps.recibe_los_mensajes(FichaClinicaSteps.java:41)
	at ✽.recibe los mensajes(classpath:features/ficha-clinica.feature:7)
&amp#27;[0m

    Embedding Completar datos del paciente en ficha clínica [image/png 31765 bytes]

]]></system-out>
    <system-err><![CDATA[[main] INFO io.github.bonigarcia.wdm.WebDriverManager - Using chromedriver 139.0.7258.138 (resolved driver for Chrome 139)
[main] INFO io.github.bonigarcia.wdm.WebDriverManager - Exporting webdriver.chrome.driver as C:\Users\andre\.cache\selenium\chromedriver\win64\139.0.7258.138\chromedriver.exe
ago 20, 2025 9:42:20 P. M. org.openqa.selenium.devtools.CdpVersionFinder findNearestMatch
WARNING: Unable to find CDP implementation matching 139
ago 20, 2025 9:42:20 P. M. org.openqa.selenium.chromium.ChromiumDriver lambda$new$5
WARNING: Unable to find version of CDP to use for 139.0.7258.138. You may need to include a dependency on a specific version of the CDP using something similar to `org.seleniumhq.selenium:selenium-devtools-v86:4.21.0` where the version ("v86") matches the version of the chromium-based browser you're using and the version number of the artifact is the same as Selenium's.
]]></system-err>
  </testcase>
  <testcase name="Login exitoso" classname="Login de doctor" time="9.547">
    <system-out><![CDATA[
@login
Scenario: Login exitoso                            &amp#27;[90m# features/login-doctor.feature:3&amp#27;[0m
  &amp#27;[32mGiven &amp#27;[0m&amp#27;[32mque el usuario accede a la página de login&amp#27;[0m &amp#27;[90m# cl.kibernum.steps.LoginDoctorSteps.que_el_usuario_accede_a_la_página_de_login()&amp#27;[0m
  &amp#27;[32mWhen &amp#27;[0m&amp#27;[32mingresa credenciales válidas&amp#27;[0m                &amp#27;[90m# cl.kibernum.steps.LoginDoctorSteps.ingresa_credenciales_validas()&amp#27;[0m
  &amp#27;[32mThen &amp#27;[0m&amp#27;[32maccede a la ficha clínica&amp#27;[0m                   &amp#27;[90m# cl.kibernum.steps.LoginDoctorSteps.accede_la_ficha_clinica()&amp#27;[0m
]]></system-out>
    <system-err><![CDATA[[main] INFO io.github.bonigarcia.wdm.WebDriverManager - Using chromedriver 139.0.7258.138 (resolved driver for Chrome 139)
[main] INFO io.github.bonigarcia.wdm.WebDriverManager - Exporting webdriver.chrome.driver as C:\Users\andre\.cache\selenium\chromedriver\win64\139.0.7258.138\chromedriver.exe
ago 20, 2025 9:42:30 P. M. org.openqa.selenium.devtools.CdpVersionFinder findNearestMatch
WARNING: Unable to find CDP implementation matching 139
ago 20, 2025 9:42:30 P. M. org.openqa.selenium.chromium.ChromiumDriver lambda$new$5
WARNING: Unable to find version of CDP to use for 139.0.7258.138. You may need to include a dependency on a specific version of the CDP using something similar to `org.seleniumhq.selenium:selenium-devtools-v86:4.21.0` where the version ("v86") matches the version of the chromium-based browser you're using and the version number of the artifact is the same as Selenium's.
]]></system-err>
  </testcase>
  <testcase name="Login fallido" classname="Login de doctor" time="5.714">
    <system-out><![CDATA[
@login
Scenario: Login fallido                            &amp#27;[90m# features/login-doctor.feature:8&amp#27;[0m
  &amp#27;[32mGiven &amp#27;[0m&amp#27;[32mque el usuario accede a la página de login&amp#27;[0m &amp#27;[90m# cl.kibernum.steps.LoginDoctorSteps.que_el_usuario_accede_a_la_página_de_login()&amp#27;[0m
  &amp#27;[32mWhen &amp#27;[0m&amp#27;[32mingresa credenciales inválidas&amp#27;[0m              &amp#27;[90m# cl.kibernum.steps.LoginDoctorSteps.ingresa_credenciales_invalidas()&amp#27;[0m
  &amp#27;[32mThen &amp#27;[0m&amp#27;[32mdebería ver el mensaje de error de login&amp#27;[0m    &amp#27;[90m# cl.kibernum.steps.LoginDoctorSteps.deberia_ver_el_mensaje_de_error_de_login()&amp#27;[0m
]]></system-out>
    <system-err><![CDATA[[main] INFO io.github.bonigarcia.wdm.WebDriverManager - Using chromedriver 139.0.7258.138 (resolved driver for Chrome 139)
[main] INFO io.github.bonigarcia.wdm.WebDriverManager - Exporting webdriver.chrome.driver as C:\Users\andre\.cache\selenium\chromedriver\win64\139.0.7258.138\chromedriver.exe
ago 20, 2025 9:42:40 P. M. org.openqa.selenium.devtools.CdpVersionFinder findNearestMatch
WARNING: Unable to find CDP implementation matching 139
ago 20, 2025 9:42:40 P. M. org.openqa.selenium.chromium.ChromiumDriver lambda$new$5
WARNING: Unable to find version of CDP to use for 139.0.7258.138. You may need to include a dependency on a specific version of the CDP using something similar to `org.seleniumhq.selenium:selenium-devtools-v86:4.21.0` where the version ("v86") matches the version of the chromium-based browser you're using and the version number of the artifact is the same as Selenium's.
]]></system-err>
  </testcase>
  <testcase name="Múltiples escenarios de error pediátrico y tratamiento faltante" classname="Validación de las reglas clínicas para asegurar el correcto ingreso de datos" time="9.39">
    <system-out><![CDATA[
@reglas
Scenario: Múltiples escenarios de error pediátrico y tratamiento faltante                                                       &amp#27;[90m# features/reglas-clinicas.feature:15&amp#27;[0m
  &amp#27;[32mGiven &amp#27;[0m&amp#27;[32mque el doctor está en la página de la ficha clínica&amp#27;[0m                                                                     &amp#27;[90m# cl.kibernum.steps.ReglasClinicasSteps.que_el_usuario_ingresa_a_ficha_clínica_accediendo_con_usuario_y_clave()&amp#27;[0m
  &amp#27;[32mAnd &amp#27;[0m&amp#27;[32mcompleta el nombre del paciente &amp#27;[0m&amp#27;[32m&amp#27;[1m"Francisca"&amp#27;[0m&amp#27;[32m, el diagnóstico &amp#27;[0m&amp#27;[32m&amp#27;[1m"Sinusitis"&amp#27;[0m&amp#27;[32m, la edad &amp#27;[0m&amp#27;[32m&amp#27;[1m10&amp#27;[0m&amp#27;[32m y el tratamiento &amp#27;[0m&amp#27;[32m&amp#27;[1m""&amp#27;[0m&amp#27;[32m y guarda la ficha&amp#27;[0m &amp#27;[90m# cl.kibernum.steps.ReglasClinicasSteps.completa_la_ficha_con_paciente_diagnostico_edad_y_tratamiento(java.lang.String,java.lang.String,java.lang.String,java.lang.String)&amp#27;[0m
  &amp#27;[32mThen &amp#27;[0m&amp#27;[32mdebe ver los siguientes mensajes de error:&amp#27;[0m                                                                               &amp#27;[90m# cl.kibernum.steps.ReglasClinicasSteps.debeVerLosSiguientesMensajesDeError(io.cucumber.datatable.DataTable)&amp#27;[0m
    | Para menores de 12 años, el diagnóstico debe ser "Pediátrico". |
    | El tratamiento es obligatorio para guardar la ficha.           |
]]></system-out>
    <system-err><![CDATA[[main] INFO io.github.bonigarcia.wdm.WebDriverManager - Using chromedriver 139.0.7258.138 (resolved driver for Chrome 139)
[main] INFO io.github.bonigarcia.wdm.WebDriverManager - Exporting webdriver.chrome.driver as C:\Users\andre\.cache\selenium\chromedriver\win64\139.0.7258.138\chromedriver.exe
ago 20, 2025 9:42:52 P. M. org.openqa.selenium.devtools.CdpVersionFinder findNearestMatch
WARNING: Unable to find CDP implementation matching 139
ago 20, 2025 9:42:52 P. M. org.openqa.selenium.chromium.ChromiumDriver lambda$new$5
WARNING: Unable to find version of CDP to use for 139.0.7258.138. You may need to include a dependency on a specific version of the CDP using something similar to `org.seleniumhq.selenium:selenium-devtools-v86:4.21.0` where the version ("v86") matches the version of the chromium-based browser you're using and the version number of the artifact is the same as Selenium's.
]]></system-err>
  </testcase>
</testsuite>